<?xml version="1.0" encoding="UTF-8"?>
<testsuite xmlns:xsi="http://www.w3.org/2001/XMLSchema-instance" xsi:noNamespaceSchemaLocation="https://maven.apache.org/surefire/maven-surefire-plugin/xsd/surefire-test-report.xsd" name="features.TestRunner" time="3.07" tests="4" errors="4" skipped="0" failures="0">
  <properties>
[...]
</properties>
  <testcase name="deleteApiTest" classname="features.TestRunner" time="3.028">
    <error message="not found: features/deleteApi.feature" type="java.lang.RuntimeException">java.lang.RuntimeException: not found: features/deleteApi.feature
</error>
  </testcase>
  <testcase name="putApiTest" classname="features.TestRunner" time="3.062">
    <error message="not found: features/putApi.feature" type="java.lang.RuntimeException">java.lang.RuntimeException: not found: features/putApi.feature
</error>
  </testcase>
  <testcase name="postApiTest" classname="features.TestRunner" time="3.065">
    <error message="not found: features/postApi.feature" type="java.lang.RuntimeException">java.lang.RuntimeException: not found: features/postApi.feature
</error>
  </testcase>
  <testcase name="getApiTest" classname="features.TestRunner" time="3.067">
    <error message="not found: features/getApi.feature" type="java.lang.RuntimeException">java.lang.RuntimeException: not found: features/getApi.feature
</error>
  </testcase>
</testsuite>